0.009929418563842773, 195
0.009929418563842773, 194
0.009929418563842773, 193
0.009929418563842773, 192
0.009929418563842773, 191
0.009929418563842773, 190
0.009929418563842773, 189
0.009929418563842773, 185
0.009929418563842773, 184
0.009929418563842773, 183
0.009929418563842773, 182
0.009929418563842773, 181
0.010929346084594727, 176
0.010929346084594727, 175
0.010929346084594727, 174
0.011906147003173828, 173
0.01366114616394043, 172
0.015668869018554688, 171
0.016669034957885742, 170
0.016669034957885742, 169
0.016669034957885742, 168
0.016669034957885742, 167
0.021668434143066406, 166
0.03171992301940918, 165
0.0337214469909668, 164
0.05973958969116211, 163
0.060739994049072266, 162
0.060739994049072266, 161
0.41373515129089355, 160
0.6869640350341797, 159
0.9014129638671875, 158
