0.10483622550964355, 10974
0.10483622550964355, 10973
0.10483622550964355, 10972
0.10483622550964355, 10971
0.10483622550964355, 10970
0.10483622550964355, 10969
0.10483622550964355, 10968
0.10483622550964355, 10967
0.10483622550964355, 10966
0.10583662986755371, 10965
0.10583662986755371, 10964
0.10583662986755371, 10963
0.10583662986755371, 10962
0.10583662986755371, 10961
0.10583662986755371, 10960
0.10583662986755371, 10959
0.10583662986755371, 10958
0.10583662986755371, 10957
0.10583662986755371, 10956
0.10583662986755371, 10955
0.10583662986755371, 10954
0.10583662986755371, 10953
0.10583662986755371, 10952
0.10583662986755371, 10951
0.10583662986755371, 10950
0.10583662986755371, 10949
0.10583662986755371, 10948
0.10683655738830566, 10947
0.10683655738830566, 10946
0.10683655738830566, 10945
0.10683655738830566, 10944
0.10683655738830566, 10943
0.10683655738830566, 10942
0.10683655738830566, 10941
0.10683655738830566, 10940
0.10683655738830566, 10939
0.10683655738830566, 10938
0.10683655738830566, 10937
0.10683655738830566, 10936
0.10683655738830566, 10935
0.10683655738830566, 10934
0.10683655738830566, 10933
0.10683655738830566, 10932
0.10683655738830566, 10931
0.10683655738830566, 10930
0.10683655738830566, 10929
0.10783672332763672, 10928
0.21289634704589844, 10927
0.21289634704589844, 10926
0.21289634704589844, 10925
0.21363067626953125, 10924
0.21363067626953125, 10923
0.21363067626953125, 10922
0.21363067626953125, 10921
0.21363067626953125, 10920
0.21363067626953125, 10919
0.21363067626953125, 10918
0.21363067626953125, 10917
0.21363067626953125, 10916
0.21363067626953125, 10915
0.21363067626953125, 10914
0.21363067626953125, 10913
0.21363067626953125, 10912
0.21363067626953125, 10911
0.21363067626953125, 10910
0.21363067626953125, 10909
0.21363067626953125, 10908
0.21363067626953125, 10907
0.21363067626953125, 10906
0.2146298885345459, 10905
0.2146298885345459, 10904
0.2146298885345459, 10903
0.2146298885345459, 10902
0.2146298885345459, 10901
0.2146298885345459, 10900
0.2146298885345459, 10899
0.2146298885345459, 10898
0.2146298885345459, 10897
0.2146298885345459, 10896
0.2146298885345459, 10895
0.2146298885345459, 10894
0.2146298885345459, 10893
0.2146298885345459, 10892
0.2146298885345459, 10891
0.2146298885345459, 10890
0.2146298885345459, 10889
0.2146298885345459, 10888
0.21563029289245605, 10887
0.21563029289245605, 10886
0.21563029289245605, 10885
0.21563029289245605, 10884
0.21563029289245605, 10883
0.21563029289245605, 10882
0.21563029289245605, 10881
0.21563029289245605, 10880
0.21563029289245605, 10879
0.21563029289245605, 10878
0.21563029289245605, 10877
0.21563029289245605, 10876
0.21563029289245605, 10875
0.21563029289245605, 10874
0.21563029289245605, 10873
0.21563029289245605, 10872
0.21563029289245605, 10871
0.21563029289245605, 10870
0.21563029289245605, 10869
0.2166299819946289, 10868
0.2166299819946289, 10867
0.2166299819946289, 10866
0.2166299819946289, 10865
0.2166299819946289, 10864
0.2166299819946289, 10863
0.2166299819946289, 10862
0.2166299819946289, 10861
0.2166299819946289, 10860
0.2166299819946289, 10859
0.2166299819946289, 10858
0.2166299819946289, 10857
0.2166299819946289, 10856
0.2166299819946289, 10855
0.2166299819946289, 10854
0.2166299819946289, 10853
0.21748614311218262, 10852
0.21748614311218262, 10851
0.21748614311218262, 10850
0.21748614311218262, 10849
0.21748614311218262, 10848
0.21748614311218262, 10847
0.21748614311218262, 10846
0.21748614311218262, 10845
0.21748614311218262, 10844
0.21748614311218262, 10843
0.21748614311218262, 10842
0.21748614311218262, 10841
0.21748614311218262, 10840
0.21748614311218262, 10839
0.21748614311218262, 10838
0.21748614311218262, 10837
0.21748614311218262, 10836
0.21748614311218262, 10835
0.21849417686462402, 10834
0.21849417686462402, 10833
0.21849417686462402, 10832
0.21849417686462402, 10831
0.21849417686462402, 10830
0.21849417686462402, 10829
0.21849417686462402, 10828
0.21849417686462402, 10827
0.21849417686462402, 10826
0.21849417686462402, 10825
0.21849417686462402, 10824
0.21849417686462402, 10823
0.21849417686462402, 10822
0.21849417686462402, 10821
0.21849417686462402, 10820
0.21849417686462402, 10819
0.21849417686462402, 10818
0.21849417686462402, 10817
0.21949458122253418, 10816
0.21949458122253418, 10815
0.21949458122253418, 10814
0.21949458122253418, 10813
0.21949458122253418, 10812
0.21949458122253418, 10811
0.21949458122253418, 10810
0.21949458122253418, 10809
0.21949458122253418, 10808
0.21949458122253418, 10807
0.21949458122253418, 10806
0.21949458122253418, 10805
0.21949458122253418, 10804
0.21949458122253418, 10803
0.21949458122253418, 10802
0.21949458122253418, 10801
0.21949458122253418, 10800
0.21949458122253418, 10799
0.22049379348754883, 10798
0.22049379348754883, 10797
0.22049379348754883, 10796
0.22049379348754883, 10795
0.22049379348754883, 10794
0.22049379348754883, 10793
0.22049379348754883, 10792
0.22049379348754883, 10791
0.22049379348754883, 10790
0.22049379348754883, 10789
0.22049379348754883, 10788
0.22049379348754883, 10787
0.22049379348754883, 10786
0.22049379348754883, 10785
0.22049379348754883, 10784
0.22049379348754883, 10783
0.22049379348754883, 10782
0.22049379348754883, 10781
0.22149395942687988, 10780
0.22149395942687988, 10779
0.22149395942687988, 10778
0.22149395942687988, 10777
0.22149395942687988, 10776
0.22149395942687988, 10775
0.22149395942687988, 10774
0.22149395942687988, 10773
0.22149395942687988, 10772
0.22149395942687988, 10771
0.22149395942687988, 10770
0.22149395942687988, 10769
0.22149395942687988, 10768
0.22149395942687988, 10767
0.43575334548950195, 10766
0.43575334548950195, 10765
0.43575334548950195, 10764
0.43575334548950195, 10763
0.43575334548950195, 10762
0.4367537498474121, 10761
0.4367537498474121, 10760
0.4367537498474121, 10759
0.4367537498474121, 10758
0.4367537498474121, 10757
0.4367537498474121, 10756
0.4367537498474121, 10755
0.4367537498474121, 10754
0.4367537498474121, 10753
0.4367537498474121, 10752
0.4367537498474121, 10751
0.4367537498474121, 10750
0.4367537498474121, 10749
0.4367537498474121, 10748
0.4367537498474121, 10747
0.4367537498474121, 10746
0.4367537498474121, 10745
0.4367537498474121, 10744
0.43781614303588867, 10743
0.43781614303588867, 10742
0.43781614303588867, 10741
0.43781614303588867, 10740
0.43781614303588867, 10739
0.43781614303588867, 10738
0.43781614303588867, 10737
0.43781614303588867, 10736
0.43781614303588867, 10735
0.43781614303588867, 10734
0.43781614303588867, 10733
0.43781614303588867, 10732
0.43781614303588867, 10731
0.43781614303588867, 10730
0.43781614303588867, 10729
0.43781614303588867, 10728
0.43781614303588867, 10727
0.43781614303588867, 10726
0.4387977123260498, 10725
0.4387977123260498, 10724
0.4387977123260498, 10723
0.4387977123260498, 10722
0.4387977123260498, 10721
0.4387977123260498, 10720
0.4387977123260498, 10719
0.4387977123260498, 10718
0.4387977123260498, 10717
0.4387977123260498, 10716
0.4387977123260498, 10715
0.4387977123260498, 10714
0.4387977123260498, 10713
0.4387977123260498, 10712
0.4387977123260498, 10711
0.4387977123260498, 10710
0.4387977123260498, 10709
0.43979620933532715, 10708
0.43979620933532715, 10707
0.43979620933532715, 10706
0.43979620933532715, 10705
0.43979620933532715, 10704
0.43979620933532715, 10703
0.43979620933532715, 10702
0.43979620933532715, 10701
0.43979620933532715, 10700
0.43979620933532715, 10699
0.43979620933532715, 10698
0.43979620933532715, 10697
0.43979620933532715, 10696
0.43979620933532715, 10695
0.43979620933532715, 10694
0.43979620933532715, 10693
0.43979620933532715, 10692
0.43979620933532715, 10691
0.4407961368560791, 10690
0.4407961368560791, 10689
0.4407961368560791, 10688
0.4407961368560791, 10687
0.4407961368560791, 10686
0.4407961368560791, 10685
0.4407961368560791, 10684
0.4407961368560791, 10683
0.4407961368560791, 10682
0.4407961368560791, 10681
0.4407961368560791, 10680
0.4407961368560791, 10679
0.4407961368560791, 10678
0.4407961368560791, 10677
0.4407961368560791, 10676
0.4407961368560791, 10675
0.4407961368560791, 10674
0.44179725646972656, 10673
0.44179725646972656, 10672
0.44179725646972656, 10671
0.44179725646972656, 10670
0.44179725646972656, 10669
0.44179725646972656, 10668
0.44179725646972656, 10667
0.44179725646972656, 10666
0.44179725646972656, 10665
0.44179725646972656, 10664
0.44179725646972656, 10663
0.44179725646972656, 10662
0.44179725646972656, 10661
0.44179725646972656, 10660
0.44179725646972656, 10659
0.44179725646972656, 10658
0.44179725646972656, 10657
0.4427964687347412, 10656
0.4427964687347412, 10655
0.4427964687347412, 10654
0.4427964687347412, 10653
0.4427964687347412, 10652
0.4427964687347412, 10651
0.4427964687347412, 10650
0.4427964687347412, 10649
0.4427964687347412, 10648
0.4427964687347412, 10647
0.4427964687347412, 10646
0.4427964687347412, 10645
0.4427964687347412, 10644
0.4427964687347412, 10643
0.4427964687347412, 10642
0.4427964687347412, 10641
0.4427964687347412, 10640
0.44379711151123047, 10639
0.44379711151123047, 10638
0.44379711151123047, 10637
0.4439582824707031, 10636
0.4439582824707031, 10635
0.4439582824707031, 10634
0.4439582824707031, 10633
0.4439582824707031, 10632
0.4439582824707031, 10631
0.4439582824707031, 10630
0.44446706771850586, 10629
0.44446706771850586, 10628
0.44446706771850586, 10627
0.44446706771850586, 10626
0.44446706771850586, 10625
0.44446706771850586, 10624
0.44446706771850586, 10623
0.44446706771850586, 10622
0.44446706771850586, 10621
0.44446706771850586, 10620
0.44446706771850586, 10619
0.44446706771850586, 10618
0.44446706771850586, 10617
0.44446706771850586, 10616
0.44446706771850586, 10615
0.44446706771850586, 10614
0.44446706771850586, 10613
0.445476770401001, 10612
0.445476770401001, 10611
0.445476770401001, 10610
0.445476770401001, 10609
0.445476770401001, 10608
0.445476770401001, 10607
0.445476770401001, 10606
0.445476770401001, 10605
0.445476770401001, 10604
0.445476770401001, 10603
0.445476770401001, 10602
0.445476770401001, 10601
0.445476770401001, 10600
0.445476770401001, 10599
0.445476770401001, 10598
0.445476770401001, 10597
0.445476770401001, 10596
0.44647645950317383, 10595
0.44647645950317383, 10594
0.44647645950317383, 10593
0.44647645950317383, 10592
0.44647645950317383, 10591
0.44647645950317383, 10590
0.44647645950317383, 10589
0.44647645950317383, 10588
0.44647645950317383, 10587
0.44647645950317383, 10586
0.44647645950317383, 10585
0.44647645950317383, 10584
0.44647645950317383, 10583
0.44719791412353516, 10582
0.44719791412353516, 10581
0.44719791412353516, 10580
0.44719791412353516, 10579
0.44719791412353516, 10578
0.44719791412353516, 10577
0.44719791412353516, 10576
0.44719791412353516, 10575
0.44719791412353516, 10574
0.4477052688598633, 10573
0.4477052688598633, 10572
0.4477052688598633, 10571
0.4477052688598633, 10570
0.4477052688598633, 10569
0.4477052688598633, 10568
0.4477052688598633, 10567
0.4477052688598633, 10566
0.4477052688598633, 10565
0.4477052688598633, 10564
0.4477052688598633, 10563
0.4477052688598633, 10562
0.4477052688598633, 10561
0.4477052688598633, 10560
0.4477052688598633, 10559
0.4477052688598633, 10558
0.4477052688598633, 10557
0.4487149715423584, 10556
0.4487149715423584, 10555
0.4487149715423584, 10554
0.4487149715423584, 10553
0.4487149715423584, 10552
0.4487149715423584, 10551
0.4487149715423584, 10550
0.4487149715423584, 10549
0.4487149715423584, 10548
0.4487149715423584, 10547
0.4487149715423584, 10546
0.4487149715423584, 10545
0.4487149715423584, 10544
0.4487149715423584, 10543
0.4487149715423584, 10542
0.4487149715423584, 10541
0.4487149715423584, 10540
0.4487149715423584, 10539
0.44971513748168945, 10538
0.44971513748168945, 10537
0.44971513748168945, 10536
0.44971513748168945, 10535
0.44971513748168945, 10534
0.4500100612640381, 10533
0.4500100612640381, 10532
0.4500100612640381, 10531
0.4500100612640381, 10530
0.4500100612640381, 10529
0.4500100612640381, 10528
0.4500100612640381, 10527
0.4500100612640381, 10526
0.4500100612640381, 10525
0.4500100612640381, 10524
0.4500100612640381, 10523
0.4500100612640381, 10522
0.4507143497467041, 10521
0.4507143497467041, 10520
0.4507143497467041, 10519
0.4507143497467041, 10518
0.4507143497467041, 10517
0.4507143497467041, 10516
0.4507143497467041, 10515
0.4507143497467041, 10514
0.4507143497467041, 10513
0.4507143497467041, 10512
0.4507143497467041, 10511
0.4507143497467041, 10510
0.4507143497467041, 10509
0.4507143497467041, 10508
0.4507143497467041, 10507
0.4507143497467041, 10506
0.4515838623046875, 10505
1.5257360935211182, 10504
1.526733636856079, 10503
1.526733636856079, 10502
1.526733636856079, 10501
1.526733636856079, 10500
7.488157749176025, 10499
7.488157749176025, 10498
7.489099025726318, 10497
7.489099025726318, 10496
7.489099025726318, 10495
7.489099025726318, 10494
7.489099025726318, 10493
7.489099025726318, 10492
7.489099025726318, 10491
7.489099025726318, 10490
7.489099025726318, 10489
7.489099025726318, 10488
7.489099025726318, 10487
7.489099025726318, 10486
7.489099025726318, 10485
7.489099025726318, 10484
7.489099025726318, 10483
7.489099025726318, 10482
7.489099025726318, 10481
7.490098476409912, 10480
7.490098476409912, 10479
7.490098476409912, 10478
7.490098476409912, 10477
7.490098476409912, 10476
7.490098476409912, 10475
7.490098476409912, 10474
7.490098476409912, 10473
7.490098476409912, 10472
7.490098476409912, 10471
7.490098476409912, 10470
7.490098476409912, 10469
7.490098476409912, 10468
7.490098476409912, 10467
7.490098476409912, 10466
7.490098476409912, 10465
7.491098165512085, 10464
7.491163015365601, 10463
7.491163015365601, 10462
7.491163015365601, 10461
7.491163015365601, 10460
7.491163015365601, 10459
7.491163015365601, 10458
7.491163015365601, 10457
7.491163015365601, 10456
7.491163015365601, 10455
7.491163015365601, 10454
7.491163015365601, 10453
7.491163015365601, 10452
7.491163015365601, 10451
7.491163015365601, 10450
7.491163015365601, 10449
7.492098093032837, 10448
7.492098093032837, 10447
7.492098093032837, 10446
7.492098093032837, 10445
7.492098093032837, 10444
7.492098093032837, 10443
7.492098093032837, 10442
7.492098093032837, 10441
7.492098093032837, 10440
7.492098093032837, 10439
7.492098093032837, 10438
7.492098093032837, 10437
7.492098093032837, 10436
7.492098093032837, 10435
7.492098093032837, 10434
7.492098093032837, 10433
7.493098258972168, 10432
7.493098258972168, 10431
7.493098258972168, 10430
7.493098258972168, 10429
7.493098258972168, 10428
7.493098258972168, 10427
7.493098258972168, 10426
7.493098258972168, 10425
7.493098258972168, 10424
7.493098258972168, 10423
7.493098258972168, 10422
7.493098258972168, 10421
7.493098258972168, 10420
7.493098258972168, 10419
7.493098258972168, 10418
7.493098258972168, 10417
7.493098258972168, 10416
7.49409818649292, 10415
7.49409818649292, 10414
7.49409818649292, 10413
7.49409818649292, 10412
7.49409818649292, 10411
7.49409818649292, 10410
8.030522584915161, 10409
8.030522584915161, 10408
8.03152322769165, 10407
8.03152322769165, 10406
8.03152322769165, 10405
8.03152322769165, 10404
8.03152322769165, 10403
8.03152322769165, 10402
8.031845331192017, 10401
8.031845331192017, 10400
8.031845331192017, 10399
8.031845331192017, 10398
8.031845331192017, 10397
8.031845331192017, 10396
8.031845331192017, 10395
8.031845331192017, 10394
8.031845331192017, 10393
8.031845331192017, 10392
8.032522678375244, 10391
8.032522678375244, 10390
8.032522678375244, 10389
8.032522678375244, 10388
8.032522678375244, 10387
8.032522678375244, 10386
8.032522678375244, 10385
8.032522678375244, 10384
8.032522678375244, 10383
8.032522678375244, 10382
8.032522678375244, 10381
8.032522678375244, 10380
8.032522678375244, 10379
8.032522678375244, 10378
8.032522678375244, 10377
8.032522678375244, 10376
8.032522678375244, 10375
8.033522367477417, 10374
8.033522367477417, 10373
8.033522367477417, 10372
8.033522367477417, 10371
8.033522367477417, 10370
8.033522367477417, 10369
8.033522367477417, 10368
8.033522367477417, 10367
8.033522367477417, 10366
8.033522367477417, 10365
8.033522367477417, 10364
8.033522367477417, 10363
8.033522367477417, 10362
8.033522367477417, 10361
8.033522367477417, 10360
8.034522771835327, 10359
8.034522771835327, 10358
8.034522771835327, 10357
8.034522771835327, 10356
8.034522771835327, 10355
8.034522771835327, 10354
8.034522771835327, 10353
8.034522771835327, 10352
8.034522771835327, 10351
8.034522771835327, 10350
8.034522771835327, 10349
8.034522771835327, 10348
8.034522771835327, 10347
8.034522771835327, 10346
8.034522771835327, 10345
8.034522771835327, 10344
8.035522699356079, 10343
8.035522699356079, 10342
8.035522699356079, 10341
8.035522699356079, 10340
8.035522699356079, 10339
8.035522699356079, 10338
8.035522699356079, 10337
8.035522699356079, 10336
8.035522699356079, 10335
8.035522699356079, 10334
8.035522699356079, 10333
8.035522699356079, 10332
8.035522699356079, 10331
8.035522699356079, 10330
