0.014453411102294922, 4892
0.014453411102294922, 4891
0.014453411102294922, 4890
0.014453411102294922, 4889
0.0146484375, 4888
0.0146484375, 4887
0.0146484375, 4886
0.0146484375, 4885
0.0146484375, 4884
0.0146484375, 4883
0.0146484375, 4882
0.0146484375, 4881
0.0146484375, 4880
0.0146484375, 4879
0.0146484375, 4878
0.0146484375, 4877
0.0146484375, 4876
0.0146484375, 4875
0.0146484375, 4874
0.0146484375, 4873
0.0146484375, 4872
0.0146484375, 4871
0.0146484375, 4870
0.0146484375, 4869
0.0146484375, 4868
0.0146484375, 4867
0.0146484375, 4866
0.0146484375, 4865
0.0146484375, 4864
0.0146484375, 4863
0.0146484375, 4862
0.0146484375, 4861
0.0146484375, 4860
0.0146484375, 4859
0.0146484375, 4858
0.0146484375, 4857
0.0146484375, 4856
0.0146484375, 4855
0.0146484375, 4854
0.0146484375, 4853
0.0146484375, 4852
0.0146484375, 4851
0.0146484375, 4850
0.0146484375, 4849
0.0146484375, 4848
0.0146484375, 4847
0.0146484375, 4846
0.0146484375, 4845
0.0146484375, 4844
0.0146484375, 4843
0.015648603439331055, 4842
0.015648603439331055, 4841
0.015648603439331055, 4840
0.015648603439331055, 4839
0.015648603439331055, 4838
0.015648603439331055, 4837
0.015648603439331055, 4836
0.015648603439331055, 4835
0.015648603439331055, 4834
0.015648603439331055, 4833
0.015648603439331055, 4832
0.015648603439331055, 4831
0.015648603439331055, 4830
0.015648603439331055, 4829
0.015648603439331055, 4828
0.015648603439331055, 4827
0.015648603439331055, 4826
0.015648603439331055, 4825
0.015648603439331055, 4824
0.015648603439331055, 4823
0.015648603439331055, 4822
0.015648603439331055, 4821
0.015648603439331055, 4820
0.015648603439331055, 4819
0.015648603439331055, 4818
0.015648603439331055, 4817
0.015648603439331055, 4816
0.015648603439331055, 4815
0.015648603439331055, 4814
0.015648603439331055, 4813
0.015648603439331055, 4812
0.015648603439331055, 4811
0.015648603439331055, 4810
0.015648603439331055, 4809
0.015648603439331055, 4808
0.015648603439331055, 4807
0.015648603439331055, 4806
0.015648603439331055, 4805
0.015648603439331055, 4804
0.015648603439331055, 4803
0.015648603439331055, 4802
0.015648603439331055, 4801
0.015648603439331055, 4800
0.01664876937866211, 4799
0.01664876937866211, 4798
0.01664876937866211, 4797
0.01664876937866211, 4796
0.01664876937866211, 4795
0.01664876937866211, 4794
0.01664876937866211, 4793
0.01664876937866211, 4792
0.01664876937866211, 4791
0.01664876937866211, 4790
0.01664876937866211, 4789
0.01664876937866211, 4788
0.01664876937866211, 4787
0.01664876937866211, 4786
0.01664876937866211, 4785
0.01664876937866211, 4784
0.01664876937866211, 4783
0.01664876937866211, 4782
0.01664876937866211, 4781
0.01664876937866211, 4780
0.01664876937866211, 4779
0.01664876937866211, 4778
0.01664876937866211, 4777
0.01664876937866211, 4776
0.01664876937866211, 4775
0.01664876937866211, 4774
0.01664876937866211, 4773
0.01664876937866211, 4772
0.01664876937866211, 4771
0.01664876937866211, 4770
0.01664876937866211, 4769
0.01664876937866211, 4768
0.01664876937866211, 4767
0.01664876937866211, 4766
0.01664876937866211, 4765
0.01664876937866211, 4764
0.01664876937866211, 4763
0.01664876937866211, 4762
0.01664876937866211, 4761
0.01664876937866211, 4760
0.01664876937866211, 4759
0.01664876937866211, 4758
0.01664876937866211, 4757
0.01664876937866211, 4756
0.01664876937866211, 4755
0.01664876937866211, 4754
0.01764845848083496, 4753
0.01764845848083496, 4752
0.01764845848083496, 4751
0.01764845848083496, 4750
0.01764845848083496, 4749
0.01764845848083496, 4748
0.01764845848083496, 4747
0.01764845848083496, 4746
0.01764845848083496, 4745
0.01764845848083496, 4744
0.01764845848083496, 4743
0.01764845848083496, 4742
0.01764845848083496, 4741
0.01764845848083496, 4740
0.01764845848083496, 4739
0.01764845848083496, 4738
0.01764845848083496, 4737
0.01764845848083496, 4736
0.01764845848083496, 4735
0.01764845848083496, 4734
0.01764845848083496, 4733
0.01764845848083496, 4732
0.01764845848083496, 4731
0.01764845848083496, 4730
0.01764845848083496, 4729
0.01764845848083496, 4728
0.01764845848083496, 4727
0.01764845848083496, 4726
0.01764845848083496, 4725
0.01764845848083496, 4724
0.01764845848083496, 4723
0.01764845848083496, 4722
0.01764845848083496, 4721
0.01764845848083496, 4720
0.01764845848083496, 4719
0.01764845848083496, 4718
0.01764845848083496, 4717
0.01764845848083496, 4716
0.01764845848083496, 4715
0.01764845848083496, 4714
0.01764845848083496, 4713
0.01764845848083496, 4712
0.01764845848083496, 4711
0.01764845848083496, 4710
0.018648386001586914, 4709
0.018648386001586914, 4708
0.018648386001586914, 4707
0.018648386001586914, 4706
0.018648386001586914, 4705
0.018648386001586914, 4704
0.018648386001586914, 4703
0.018648386001586914, 4702
0.018648386001586914, 4701
0.018648386001586914, 4700
0.018648386001586914, 4699
0.018648386001586914, 4698
0.018648386001586914, 4697
0.018648386001586914, 4696
0.018648386001586914, 4695
0.018648386001586914, 4694
0.018648386001586914, 4693
0.018648386001586914, 4692
0.018648386001586914, 4691
0.018648386001586914, 4690
0.018648386001586914, 4689
0.018648386001586914, 4688
0.018648386001586914, 4687
0.018648386001586914, 4686
0.018648386001586914, 4685
0.018648386001586914, 4684
0.018648386001586914, 4683
0.018648386001586914, 4682
0.018648386001586914, 4681
0.018648386001586914, 4680
0.018648386001586914, 4679
0.018648386001586914, 4678
0.018648386001586914, 4677
0.018648386001586914, 4676
0.018648386001586914, 4675
0.018648386001586914, 4674
0.018648386001586914, 4673
0.018648386001586914, 4672
0.018648386001586914, 4671
0.018648386001586914, 4670
0.018648386001586914, 4669
0.018648386001586914, 4668
0.018648386001586914, 4667
0.018648386001586914, 4666
0.019648313522338867, 4665
0.019648313522338867, 4664
0.019648313522338867, 4663
0.019648313522338867, 4662
0.019648313522338867, 4661
0.019648313522338867, 4660
0.019648313522338867, 4659
0.019648313522338867, 4658
0.019648313522338867, 4657
0.019648313522338867, 4656
0.019648313522338867, 4655
0.019648313522338867, 4654
0.019648313522338867, 4653
0.019648313522338867, 4652
0.019648313522338867, 4651
0.019648313522338867, 4650
0.019648313522338867, 4649
0.019648313522338867, 4648
0.019648313522338867, 4647
0.019648313522338867, 4646
0.019648313522338867, 4645
0.019648313522338867, 4644
0.019648313522338867, 4643
0.019648313522338867, 4642
0.019648313522338867, 4641
0.019648313522338867, 4640
0.019648313522338867, 4639
0.019648313522338867, 4638
0.019648313522338867, 4637
0.019648313522338867, 4636
0.019648313522338867, 4635
0.019648313522338867, 4634
0.019648313522338867, 4633
0.019648313522338867, 4632
0.02044224739074707, 4631
0.02044224739074707, 4630
0.02044224739074707, 4629
0.02044224739074707, 4628
0.02044224739074707, 4627
0.02044224739074707, 4626
0.02044224739074707, 4625
0.02044224739074707, 4624
0.02044224739074707, 4623
0.02044224739074707, 4622
0.02044224739074707, 4621
0.02044224739074707, 4620
0.02044224739074707, 4619
0.02044224739074707, 4618
0.02044224739074707, 4617
0.02044224739074707, 4616
0.02044224739074707, 4615
0.02044224739074707, 4614
0.02044224739074707, 4613
0.02044224739074707, 4612
0.02044224739074707, 4611
0.02094888687133789, 4610
0.02094888687133789, 4609
0.02094888687133789, 4608
0.02094888687133789, 4607
0.02094888687133789, 4606
0.02094888687133789, 4605
0.02094888687133789, 4604
0.02094888687133789, 4603
0.02094888687133789, 4602
0.02094888687133789, 4601
0.02094888687133789, 4600
0.02094888687133789, 4599
0.02094888687133789, 4598
0.02094888687133789, 4597
0.02094888687133789, 4596
0.02094888687133789, 4595
0.02094888687133789, 4594
0.02094888687133789, 4593
0.02094888687133789, 4592
0.02094888687133789, 4591
0.02094888687133789, 4590
0.02094888687133789, 4589
0.02094888687133789, 4588
0.02094888687133789, 4587
0.02094888687133789, 4586
0.02094888687133789, 4585
0.02094888687133789, 4584
0.02094888687133789, 4583
0.02094888687133789, 4582
0.02094888687133789, 4581
0.02094888687133789, 4580
0.02094888687133789, 4579
0.02094888687133789, 4578
0.02094888687133789, 4577
0.02094888687133789, 4576
0.02094888687133789, 4575
0.02094888687133789, 4574
0.02094888687133789, 4573
0.02094888687133789, 4572
0.02094888687133789, 4571
0.02094888687133789, 4570
0.021956443786621094, 4569
0.021956443786621094, 4568
0.021956443786621094, 4567
0.021956443786621094, 4566
0.021956443786621094, 4565
0.021956443786621094, 4564
0.021956443786621094, 4563
0.021956443786621094, 4562
0.021956443786621094, 4561
0.021956443786621094, 4560
0.021956443786621094, 4559
0.021956443786621094, 4558
0.021956443786621094, 4557
0.021956443786621094, 4556
0.021956443786621094, 4555
0.021956443786621094, 4554
0.021956443786621094, 4553
0.021956443786621094, 4552
0.021956443786621094, 4551
0.021956443786621094, 4550
0.34308958053588867, 3453
0.34308958053588867, 3452
0.34308958053588867, 3451
0.34308958053588867, 3450
0.34308958053588867, 3449
0.34308958053588867, 3448
0.34308958053588867, 3447
0.34308958053588867, 3446
0.34308958053588867, 3445
0.34308958053588867, 3444
0.34345245361328125, 3443
0.34345245361328125, 3442
0.34345245361328125, 3441
0.34345245361328125, 3440
0.34345245361328125, 3439
0.34345245361328125, 3438
0.34345245361328125, 3437
0.34345245361328125, 3436
0.34345245361328125, 3435
0.34345245361328125, 3434
0.34345245361328125, 3433
0.34345245361328125, 3432
0.34345245361328125, 3431
0.34345245361328125, 3430
0.34345245361328125, 3429
0.34345245361328125, 3428
0.34408998489379883, 3427
0.34408998489379883, 3426
0.34408998489379883, 3425
0.34408998489379883, 3424
0.34408998489379883, 3423
0.34408998489379883, 3422
0.34408998489379883, 3421
0.34408998489379883, 3420
0.3449058532714844, 3419
0.3450901508331299, 3418
0.3450901508331299, 3417
0.3450901508331299, 3416
0.3450901508331299, 3415
0.3450901508331299, 3414
0.3450901508331299, 3413
0.3450901508331299, 3412
0.3450901508331299, 3411
0.3450901508331299, 3410
0.34609007835388184, 3409
0.34609007835388184, 3408
0.34609007835388184, 3407
0.3464493751525879, 3406
0.3464493751525879, 3405
0.3464493751525879, 3404
0.3464493751525879, 3403
0.3464493751525879, 3402
0.3464493751525879, 3401
0.3464493751525879, 3400
0.3464493751525879, 3399
0.3470897674560547, 3398
0.3541586399078369, 3397
0.3541586399078369, 3396
0.3541586399078369, 3395
0.3541586399078369, 3394
0.35509586334228516, 3393
0.35509586334228516, 3392
0.35509586334228516, 3391
0.35509586334228516, 3390
0.3560905456542969, 3389
0.3560905456542969, 3388
0.3560905456542969, 3387
0.3560905456542969, 3386
0.3560905456542969, 3385
0.3560905456542969, 3384
0.3560905456542969, 3383
0.3560905456542969, 3382
0.3571960926055908, 3381
0.3571960926055908, 3380
0.3571960926055908, 3379
0.3571960926055908, 3378
0.3571960926055908, 3377
0.3571960926055908, 3376
0.3571960926055908, 3375
0.3571960926055908, 3374
0.3571960926055908, 3373
0.3571960926055908, 3372
0.3571960926055908, 3371
0.3571960926055908, 3370
0.3571960926055908, 3369
0.3580906391143799, 3368
0.3580906391143799, 3367
0.3580906391143799, 3366
0.3580906391143799, 3365
0.3580906391143799, 3364
0.3580906391143799, 3363
0.3580906391143799, 3362
0.3580906391143799, 3361
0.3580906391143799, 3360
0.3580906391143799, 3359
0.3580906391143799, 3358
0.3580906391143799, 3357
0.3580906391143799, 3356
0.3580906391143799, 3355
0.3580906391143799, 3354
0.3580906391143799, 3353
0.3580906391143799, 3352
0.3580906391143799, 3351
0.35909128189086914, 3350
0.35909128189086914, 3349
0.35909128189086914, 3348
0.35909128189086914, 3347
0.35909128189086914, 3346
0.35909128189086914, 3345
0.35909128189086914, 3344
0.35909128189086914, 3343
0.35909128189086914, 3342
0.35909128189086914, 3341
0.36969900131225586, 3340
0.36969900131225586, 3339
0.3706071376800537, 3338
0.3706071376800537, 3337
0.3706071376800537, 3336
0.3706071376800537, 3335
0.3706071376800537, 3334
0.3706071376800537, 3333
0.3706071376800537, 3332
0.3706071376800537, 3331
0.3706071376800537, 3330
0.3706071376800537, 3329
0.3706071376800537, 3328
0.3706071376800537, 3327
0.3706071376800537, 3326
0.3706071376800537, 3325
0.3706071376800537, 3324
0.3706071376800537, 3323
0.37160587310791016, 3322
0.3716769218444824, 3321
0.3716769218444824, 3320
0.3716769218444824, 3319
0.3716769218444824, 3318
0.3716769218444824, 3317
0.3716769218444824, 3316
0.3716769218444824, 3315
0.3716769218444824, 3314
0.3716769218444824, 3313
0.3716769218444824, 3312
0.3716769218444824, 3311
0.3716769218444824, 3310
0.3726074695587158, 3309
0.3726074695587158, 3308
0.3726074695587158, 3307
0.3726074695587158, 3306
0.3726074695587158, 3305
0.3726074695587158, 3304
0.3726074695587158, 3303
0.3726074695587158, 3302
0.3726074695587158, 3301
0.3726074695587158, 3300
0.3726074695587158, 3299
0.3726074695587158, 3298
0.3726074695587158, 3297
0.3726074695587158, 3296
0.3726074695587158, 3295
0.3726074695587158, 3294
0.3726074695587158, 3293
0.3726074695587158, 3292
0.3726074695587158, 3291
0.3726074695587158, 3290
0.3726074695587158, 3289
0.3726074695587158, 3288
0.37360525131225586, 3287
0.37360525131225586, 3286
0.37360525131225586, 3285
0.37360525131225586, 3284
0.37360525131225586, 3283
0.37360525131225586, 3282
0.37360525131225586, 3281
0.37360525131225586, 3280
0.37360525131225586, 3279
0.37360525131225586, 3278
0.37360525131225586, 3277
0.37360525131225586, 3276
0.37360525131225586, 3275
0.374605655670166, 3274
0.374605655670166, 3273
0.374605655670166, 3272
0.374605655670166, 3271
0.3748900890350342, 3270
0.3748900890350342, 3269
0.3748900890350342, 3268
0.3748900890350342, 3267
0.3748900890350342, 3266
0.3748900890350342, 3265
0.3748900890350342, 3264
0.3748900890350342, 3263
0.3748900890350342, 3262
0.3748900890350342, 3261
0.3748900890350342, 3260
0.3748900890350342, 3259
0.3756065368652344, 3258
0.3756065368652344, 3257
0.3756065368652344, 3256
0.3756065368652344, 3255
0.3756065368652344, 3254
0.3756065368652344, 3253
0.3756065368652344, 3252
0.3756065368652344, 3251
0.3756065368652344, 3250
0.3756065368652344, 3249
0.3756065368652344, 3248
0.3756065368652344, 3247
0.3756065368652344, 3246
0.3756065368652344, 3245
0.3756065368652344, 3244
0.3756065368652344, 3243
0.3756065368652344, 3242
0.3756065368652344, 3241
0.3756065368652344, 3240
0.3756065368652344, 3239
0.3756065368652344, 3238
0.376605749130249, 3237
0.376605749130249, 3236
0.376605749130249, 3235
0.376605749130249, 3234
0.376605749130249, 3233
0.3847994804382324, 3232
0.3847994804382324, 3231
0.3847994804382324, 3230
0.3847994804382324, 3229
0.38530564308166504, 3228
0.38530564308166504, 3227
0.38530564308166504, 3226
0.38530564308166504, 3225
0.38530564308166504, 3224
0.38530564308166504, 3223
0.38530564308166504, 3222
0.38530564308166504, 3221
0.38530564308166504, 3220
0.38530564308166504, 3219
0.38530564308166504, 3218
0.38530564308166504, 3217
0.38530564308166504, 3216
0.38530564308166504, 3215
0.38530564308166504, 3214
0.38530564308166504, 3213
0.38530564308166504, 3212
0.38530564308166504, 3211
0.38631391525268555, 3210
0.38631391525268555, 3209
0.38631391525268555, 3208
0.38631391525268555, 3207
0.38631391525268555, 3206
0.38631391525268555, 3205
0.38631391525268555, 3204
0.38631391525268555, 3203
0.38631391525268555, 3202
0.38631391525268555, 3201
0.38631391525268555, 3200
0.38631391525268555, 3199
0.38631391525268555, 3198
0.4884347915649414, 3197
0.4884347915649414, 3196
0.4884347915649414, 3195
0.4884347915649414, 3194
0.4884347915649414, 3193
0.4884347915649414, 3192
0.4884347915649414, 3191
0.4884347915649414, 3190
0.4884347915649414, 3189
0.4884347915649414, 3188
0.4884347915649414, 3187
0.4884347915649414, 3186
0.4884347915649414, 3185
0.48943495750427246, 3184
0.48943495750427246, 3183
0.48943495750427246, 3182
0.48943495750427246, 3181
0.48943495750427246, 3180
0.48943495750427246, 3179
0.48943495750427246, 3178
0.48943495750427246, 3177
0.48943495750427246, 3176
0.48943495750427246, 3175
0.48943495750427246, 3174
0.48943495750427246, 3173
0.702991247177124, 3172
0.702991247177124, 3171
0.702991247177124, 3170
0.702991247177124, 3169
0.702991247177124, 3168
0.702991247177124, 3167
0.702991247177124, 3166
0.702991247177124, 3165
0.702991247177124, 3164
1.2619707584381104, 3163
1.2619707584381104, 3162
1.2619707584381104, 3161
1.2619707584381104, 3160
1.2619707584381104, 3159
1.2619707584381104, 3158
1.2619707584381104, 3157
1.2619707584381104, 3156
1.2619707584381104, 3155
1.2619707584381104, 3154
1.2619707584381104, 3153
1.2619707584381104, 3152
1.2619707584381104, 3151
1.2619707584381104, 3150
1.2619707584381104, 3149
1.2619707584381104, 3148
1.262847661972046, 3147
1.262847661972046, 3146
1.262847661972046, 3145
1.262847661972046, 3144
1.262847661972046, 3143
1.262847661972046, 3142
1.262847661972046, 3141
1.262847661972046, 3140
1.262847661972046, 3139
1.262847661972046, 3138
1.262847661972046, 3137
1.262847661972046, 3136
1.262847661972046, 3135
1.262847661972046, 3134
1.262847661972046, 3133
1.262847661972046, 3132
1.262847661972046, 3131
1.2638468742370605, 3130
1.2638468742370605, 3129
1.2638468742370605, 3128
1.2638468742370605, 3127
1.2638468742370605, 3126
1.2638468742370605, 3125
1.2638468742370605, 3124
1.2638468742370605, 3123
1.2638468742370605, 3122
1.2638468742370605, 3121
