0.018523693084716797, 4875
0.018523693084716797, 4874
0.018523693084716797, 4873
0.018523693084716797, 4872
0.018523693084716797, 4871
0.018523693084716797, 4870
0.018523693084716797, 4869
0.018523693084716797, 4868
0.018523693084716797, 4867
0.018523693084716797, 4866
0.018523693084716797, 4865
0.018523693084716797, 4864
0.018523693084716797, 4863
0.018523693084716797, 4862
0.018523693084716797, 4861
0.018523693084716797, 4860
0.018523693084716797, 4859
0.018523693084716797, 4858
0.018523693084716797, 4857
0.018523693084716797, 4856
0.018523693084716797, 4855
0.018523693084716797, 4854
0.018523693084716797, 4853
0.018523693084716797, 4852
0.018523693084716797, 4851
0.019542932510375977, 4850
0.019542932510375977, 4849
0.019542932510375977, 4848
0.019542932510375977, 4847
0.019542932510375977, 4846
0.019542932510375977, 4845
0.019542932510375977, 4844
0.019542932510375977, 4843
0.019542932510375977, 4842
0.019542932510375977, 4841
0.019542932510375977, 4840
0.019542932510375977, 4839
0.019542932510375977, 4838
0.019542932510375977, 4837
0.019542932510375977, 4836
0.019542932510375977, 4835
0.019542932510375977, 4834
0.019542932510375977, 4833
0.019542932510375977, 4832
0.019542932510375977, 4831
0.019542932510375977, 4830
0.019542932510375977, 4829
0.019542932510375977, 4828
0.019542932510375977, 4827
0.019542932510375977, 4826
0.019542932510375977, 4825
0.019542932510375977, 4824
0.019542932510375977, 4823
0.019542932510375977, 4822
0.019542932510375977, 4821
0.019542932510375977, 4820
0.019542932510375977, 4819
0.019542932510375977, 4818
0.019542932510375977, 4817
0.019542932510375977, 4816
0.019542932510375977, 4815
0.019542932510375977, 4814
0.019542932510375977, 4813
0.019542932510375977, 4812
0.019542932510375977, 4811
0.019542932510375977, 4810
0.019542932510375977, 4809
0.019542932510375977, 4808
0.019542932510375977, 4807
0.019542932510375977, 4806
0.020543336868286133, 4805
0.020543336868286133, 4804
0.020543336868286133, 4803
0.020543336868286133, 4802
0.020543336868286133, 4801
0.020543336868286133, 4800
0.020543336868286133, 4799
0.020543336868286133, 4798
0.020543336868286133, 4797
0.020543336868286133, 4796
0.020543336868286133, 4795
0.020543336868286133, 4794
0.020543336868286133, 4793
0.020543336868286133, 4792
0.020543336868286133, 4791
0.020543336868286133, 4790
0.020543336868286133, 4789
0.020543336868286133, 4788
0.020543336868286133, 4787
0.020543336868286133, 4786
0.020543336868286133, 4785
0.020543336868286133, 4784
0.020543336868286133, 4783
0.020543336868286133, 4782
0.020543336868286133, 4781
0.020543336868286133, 4780
0.020543336868286133, 4779
0.020543336868286133, 4778
0.020543336868286133, 4777
0.020543336868286133, 4776
0.020543336868286133, 4775
0.020543336868286133, 4774
0.020543336868286133, 4773
0.020543336868286133, 4772
0.020543336868286133, 4771
0.020543336868286133, 4770
0.020543336868286133, 4769
0.020543336868286133, 4768
0.020543336868286133, 4767
0.020543336868286133, 4766
0.020543336868286133, 4765
0.020543336868286133, 4764
0.020543336868286133, 4763
0.020543336868286133, 4762
0.020543336868286133, 4761
0.020543336868286133, 4760
0.02154254913330078, 4759
0.02154254913330078, 4758
0.02154254913330078, 4757
0.02154254913330078, 4756
0.02154254913330078, 4755
0.02154254913330078, 4754
0.02154254913330078, 4753
0.02154254913330078, 4752
0.02154254913330078, 4751
0.02154254913330078, 4750
0.02154254913330078, 4749
0.02154254913330078, 4748
0.02154254913330078, 4747
0.02154254913330078, 4746
0.02154254913330078, 4745
0.02154254913330078, 4744
0.02154254913330078, 4743
0.02154254913330078, 4742
0.02154254913330078, 4741
0.02154254913330078, 4740
0.02154254913330078, 4739
0.02154254913330078, 4738
0.02154254913330078, 4737
0.02154254913330078, 4736
0.02154254913330078, 4735
0.02154254913330078, 4734
0.02154254913330078, 4733
0.02154254913330078, 4732
0.02154254913330078, 4731
0.02154254913330078, 4730
0.02154254913330078, 4729
0.02154254913330078, 4728
0.02154254913330078, 4727
0.02154254913330078, 4726
0.02154254913330078, 4725
0.02154254913330078, 4724
0.02154254913330078, 4723
0.02154254913330078, 4722
0.02154254913330078, 4721
0.02154254913330078, 4720
0.02154254913330078, 4719
0.02154254913330078, 4718
0.02154254913330078, 4717
0.02154254913330078, 4716
0.02154254913330078, 4715
0.022542953491210938, 4714
0.022542953491210938, 4713
0.022542953491210938, 4712
0.022542953491210938, 4711
0.022542953491210938, 4710
0.022542953491210938, 4709
0.022542953491210938, 4708
0.022542953491210938, 4707
0.022542953491210938, 4706
0.022542953491210938, 4705
0.022542953491210938, 4704
0.022542953491210938, 4703
0.022542953491210938, 4702
0.022542953491210938, 4701
0.022542953491210938, 4700
0.022542953491210938, 4699
0.022542953491210938, 4698
0.022542953491210938, 4697
0.022542953491210938, 4696
0.022542953491210938, 4695
0.022542953491210938, 4694
0.022542953491210938, 4693
0.022542953491210938, 4692
0.022542953491210938, 4691
0.022542953491210938, 4690
0.022542953491210938, 4689
0.022542953491210938, 4688
0.022542953491210938, 4687
0.022542953491210938, 4686
0.022542953491210938, 4685
0.022542953491210938, 4684
0.022542953491210938, 4683
0.022542953491210938, 4682
0.022542953491210938, 4681
0.022542953491210938, 4680
0.022542953491210938, 4679
0.022542953491210938, 4678
0.022542953491210938, 4677
0.022542953491210938, 4676
0.022542953491210938, 4675
0.022542953491210938, 4674
0.022542953491210938, 4673
0.022542953491210938, 4672
0.022542953491210938, 4671
0.022542953491210938, 4670
0.023542165756225586, 4669
0.023542165756225586, 4668
0.023542165756225586, 4667
0.023542165756225586, 4666
0.023542165756225586, 4665
0.023542165756225586, 4664
0.023542165756225586, 4663
0.023542165756225586, 4662
0.023542165756225586, 4661
0.023542165756225586, 4660
0.023542165756225586, 4659
0.023542165756225586, 4658
0.023542165756225586, 4657
0.023542165756225586, 4656
0.023542165756225586, 4655
0.023542165756225586, 4654
0.023542165756225586, 4653
0.023542165756225586, 4652
0.023542165756225586, 4651
0.023542165756225586, 4650
0.023542165756225586, 4649
0.023542165756225586, 4648
0.023542165756225586, 4647
0.023542165756225586, 4646
0.023542165756225586, 4645
0.023542165756225586, 4644
0.023542165756225586, 4643
0.023542165756225586, 4642
0.023542165756225586, 4641
0.023542165756225586, 4640
0.023542165756225586, 4639
0.023542165756225586, 4638
0.023542165756225586, 4637
0.024544715881347656, 4636
0.024544715881347656, 4635
0.024544715881347656, 4634
0.024544715881347656, 4633
0.024544715881347656, 4632
0.024544715881347656, 4631
0.024544715881347656, 4630
0.024544715881347656, 4629
0.024544715881347656, 4628
0.024544715881347656, 4627
0.024544715881347656, 4626
0.024544715881347656, 4625
0.024544715881347656, 4624
0.024544715881347656, 4623
0.024544715881347656, 4622
0.024544715881347656, 4621
0.024544715881347656, 4620
0.024544715881347656, 4619
0.024544715881347656, 4618
0.024544715881347656, 4617
0.024544715881347656, 4616
0.024544715881347656, 4615
0.024544715881347656, 4614
0.024544715881347656, 4613
0.024544715881347656, 4612
0.024544715881347656, 4611
0.024544715881347656, 4610
0.024544715881347656, 4609
0.024544715881347656, 4608
0.024544715881347656, 4607
0.03858613967895508, 3178
0.03858613967895508, 3177
0.03858613967895508, 3176
0.03858613967895508, 3175
0.03858613967895508, 3174
0.03858613967895508, 3173
0.03858613967895508, 3172
0.03959393501281738, 3171
0.03959393501281738, 3170
0.0638735294342041, 3169
0.0638735294342041, 3168
0.0638735294342041, 3167
0.0638735294342041, 3166
0.11454081535339355, 3165
0.11454081535339355, 3164
0.11454081535339355, 3163
0.11454081535339355, 3162
0.11454081535339355, 3161
0.11454081535339355, 3160
0.11454081535339355, 3159
0.11454081535339355, 3158
0.11454081535339355, 3157
0.11454081535339355, 3156
0.11454081535339355, 3155
0.11454081535339355, 3154
0.11454081535339355, 3153
0.11454081535339355, 3152
0.11454081535339355, 3151
0.11454081535339355, 3150
0.11454081535339355, 3149
0.11454081535339355, 3148
0.9608504772186279, 3147
0.9608504772186279, 3146
0.9608504772186279, 3145
0.9608504772186279, 3144
0.9608504772186279, 3143
0.9608504772186279, 3142
0.9608504772186279, 3141
0.9608504772186279, 3140
0.9608504772186279, 3139
0.9608504772186279, 3138
2.2798094749450684, 3137
3.587785243988037, 3136
3.587785243988037, 3135
3.587785243988037, 3134
3.587785243988037, 3133
3.587785243988037, 3132
3.587785243988037, 3131
3.587785243988037, 3130
3.587785243988037, 3129
3.587785243988037, 3128
3.587785243988037, 3127
3.587785243988037, 3126
3.837853193283081, 3125
3.837853193283081, 3124
3.837853193283081, 3123
3.837853193283081, 3122
3.837853193283081, 3121
3.837853193283081, 3120
3.837853193283081, 3119
3.837853193283081, 3118
3.837853193283081, 3117
3.837853193283081, 3116
